<?xml version="1.0" encoding="UTF-8"?>
<testsuite xmlns:xsi="http://www.w3.org/2001/XMLSchema-instance" xsi:noNamespaceSchemaLocation="https://maven.apache.org/surefire/maven-surefire-plugin/xsd/surefire-test-report-3.0.xsd" version="3.0" name="com.inventory.controller.CategoryControllerTest" time="2.615" tests="6" errors="0" skipped="0" failures="0">
  <properties>
[...]
</properties>
  <testcase name="shouldReturnPaginatedCategories" classname="com.inventory.controller.CategoryControllerTest" time="0.188">
    <system-out><![CDATA[17:18:35.690 [main] INFO org.springframework.test.context.support.AnnotationConfigContextLoaderUtils -- Could not detect default configuration classes for test class [com.inventory.controller.CategoryControllerTest]: CategoryControllerTest does not declare any static, non-private, non-final, nested classes annotated with @Configuration.
17:18:35.821 [main] INFO org.springframework.boot.test.context.SpringBootTestContextBootstrapper -- Found @SpringBootConfiguration com.inventory.InventoryApplication for test class com.inventory.controller.CategoryControllerTest

  .   ____          _            __ _ _
 /\\ / ___'_ __ _ _(_)_ __  __ _ \ \ \ \
( ( )\___ | '_ | '_| | '_ \/ _` | \ \ \ \
 \\/  ___)| |_)| | | | | || (_| |  ) ) ) )
  '  |____| .__|_| |_|_| |_\__, | / / / /
 =========|_|==============|___/=/_/_/_/
 :: Spring Boot ::                (v3.2.0)

2026-01-13T17:18:36.115+08:00  INFO 36152 --- [inventory-management-system] [           main] c.i.controller.CategoryControllerTest    : Starting CategoryControllerTest using Java 23.0.1 with PID 36152 (started by ezary in C:\Users\ezary\OneDrive\Documents\Coding-Language\inventory-management-system)
2026-01-13T17:18:36.116+08:00 DEBUG 36152 --- [inventory-management-system] [           main] c.i.controller.CategoryControllerTest    : Running with Spring Boot v3.2.0, Spring v6.1.1
2026-01-13T17:18:36.116+08:00  INFO 36152 --- [inventory-management-system] [           main] c.i.controller.CategoryControllerTest    : No active profile set, falling back to 1 default profile: "default"
2026-01-13T17:18:37.662+08:00  WARN 36152 --- [inventory-management-system] [           main] .s.s.UserDetailsServiceAutoConfiguration : 

Using generated security password: 796ef796-1f1f-462e-9e82-970d8a1a281a

This generated password is for development use only. Your security configuration must be updated before running your application in production.

2026-01-13T17:18:37.775+08:00  INFO 36152 --- [inventory-management-system] [           main] o.s.s.web.DefaultSecurityFilterChain     : Will secure any request with [org.springframework.security.web.session.DisableEncodeUrlFilter@4db728df, org.springframework.security.web.context.request.async.WebAsyncManagerIntegrationFilter@b0d3e7, org.springframework.security.web.context.SecurityContextHolderFilter@6210666c, org.springframework.security.web.header.HeaderWriterFilter@28fa541, org.springframework.web.filter.CorsFilter@74bdfa0b, org.springframework.security.web.csrf.CsrfFilter@3d8d52be, org.springframework.security.web.authentication.logout.LogoutFilter@208f7165, org.springframework.security.web.authentication.UsernamePasswordAuthenticationFilter@4cd7e993, org.springframework.security.web.authentication.ui.DefaultLoginPageGeneratingFilter@65af05b2, org.springframework.security.web.authentication.ui.DefaultLogoutPageGeneratingFilter@68a5aadd, org.springframework.security.web.authentication.www.BasicAuthenticationFilter@350f18a6, org.springframework.security.web.savedrequest.RequestCacheAwareFilter@52657d5f, org.springframework.security.web.servletapi.SecurityContextHolderAwareRequestFilter@43d3995f, org.springframework.security.web.authentication.AnonymousAuthenticationFilter@1c2096c6, org.springframework.security.web.access.ExceptionTranslationFilter@3c27f72, org.springframework.security.web.access.intercept.AuthorizationFilter@586737ff]
2026-01-13T17:18:37.817+08:00  INFO 36152 --- [inventory-management-system] [           main] o.s.b.t.m.w.SpringBootMockServletContext : Initializing Spring TestDispatcherServlet ''
2026-01-13T17:18:37.818+08:00  INFO 36152 --- [inventory-management-system] [           main] o.s.t.web.servlet.TestDispatcherServlet  : Initializing Servlet ''
2026-01-13T17:18:37.818+08:00  INFO 36152 --- [inventory-management-system] [           main] o.s.t.web.servlet.TestDispatcherServlet  : Completed initialization in 0 ms
2026-01-13T17:18:37.834+08:00  INFO 36152 --- [inventory-management-system] [           main] c.i.controller.CategoryControllerTest    : Started CategoryControllerTest in 1.953 seconds (process running for 2.748)
2026-01-13T17:18:37.895+08:00 DEBUG 36152 --- [inventory-management-system] [           main] w.c.HttpSessionSecurityContextRepository : Created HttpSession as SecurityContext is non-default
2026-01-13T17:18:37.896+08:00 DEBUG 36152 --- [inventory-management-system] [           main] w.c.HttpSessionSecurityContextRepository : Stored SecurityContextImpl [Authentication=UsernamePasswordAuthenticationToken [Principal=org.springframework.security.core.userdetails.User [Username=user, Password=[PROTECTED], Enabled=true, AccountNonExpired=true, CredentialsNonExpired=true, AccountNonLocked=true, Granted Authorities=[ROLE_USER]], Credentials=[PROTECTED], Authenticated=true, Details=null, Granted Authorities=[ROLE_USER]]] to HttpSession [org.springframework.mock.web.MockHttpSession@2c1ea7be]
2026-01-13T17:18:37.899+08:00 DEBUG 36152 --- [inventory-management-system] [           main] o.s.security.web.FilterChainProxy        : Securing GET /api/categories
2026-01-13T17:18:37.903+08:00  WARN 36152 --- [inventory-management-system] [           main] o.s.w.s.h.HandlerMappingIntrospector     : Cache miss for REQUEST dispatch to '/api/categories' (previous null). Performing CorsConfiguration lookup. This is logged once only at WARN level, and every time at TRACE.
2026-01-13T17:18:37.912+08:00 DEBUG 36152 --- [inventory-management-system] [           main] w.c.HttpSessionSecurityContextRepository : Retrieved SecurityContextImpl [Authentication=UsernamePasswordAuthenticationToken [Principal=org.springframework.security.core.userdetails.User [Username=user, Password=[PROTECTED], Enabled=true, AccountNonExpired=true, CredentialsNonExpired=true, AccountNonLocked=true, Granted Authorities=[ROLE_USER]], Credentials=[PROTECTED], Authenticated=true, Details=null, Granted Authorities=[ROLE_USER]]]
2026-01-13T17:18:37.913+08:00 DEBUG 36152 --- [inventory-management-system] [           main] o.s.security.web.FilterChainProxy        : Secured GET /api/categories
]]></system-out>
    <system-err><![CDATA[WARNING: A Java agent has been loaded dynamically (C:\Users\ezary\.m2\repository\net\bytebuddy\byte-buddy-agent\1.14.10\byte-buddy-agent-1.14.10.jar)
WARNING: If a serviceability tool is in use, please run with -XX:+EnableDynamicAgentLoading to hide this warning
WARNING: If a serviceability tool is not in use, please run with -Djdk.instrument.traceUsage for more information
WARNING: Dynamic loading of agents will be disallowed by default in a future release
]]></system-err>
  </testcase>
  <testcase name="shouldRequireAuthentication" classname="com.inventory.controller.CategoryControllerTest" time="0.012">
    <system-out><![CDATA[2026-01-13T17:18:38.033+08:00 DEBUG 36152 --- [inventory-management-system] [           main] o.s.security.web.FilterChainProxy        : Securing GET /api/categories
2026-01-13T17:18:38.034+08:00 DEBUG 36152 --- [inventory-management-system] [           main] o.s.s.w.a.AnonymousAuthenticationFilter  : Set SecurityContextHolder to anonymous SecurityContext
2026-01-13T17:18:38.037+08:00 DEBUG 36152 --- [inventory-management-system] [           main] o.s.s.w.s.HttpSessionRequestCache        : Saved request http://localhost/api/categories?continue to session
2026-01-13T17:18:38.040+08:00 DEBUG 36152 --- [inventory-management-system] [           main] s.w.a.DelegatingAuthenticationEntryPoint : Trying to match using And [Not [RequestHeaderRequestMatcher [expectedHeaderName=X-Requested-With, expectedHeaderValue=XMLHttpRequest]], MediaTypeRequestMatcher [contentNegotiationStrategy=org.springframework.web.accept.ContentNegotiationManager@3a209918, matchingMediaTypes=[application/xhtml+xml, image/*, text/html, text/plain], useEquals=false, ignoredMediaTypes=[*/*]]]
2026-01-13T17:18:38.040+08:00 DEBUG 36152 --- [inventory-management-system] [           main] s.w.a.DelegatingAuthenticationEntryPoint : Trying to match using Or [RequestHeaderRequestMatcher [expectedHeaderName=X-Requested-With, expectedHeaderValue=XMLHttpRequest], And [Not [MediaTypeRequestMatcher [contentNegotiationStrategy=org.springframework.web.accept.ContentNegotiationManager@3a209918, matchingMediaTypes=[text/html], useEquals=false, ignoredMediaTypes=[]]], MediaTypeRequestMatcher [contentNegotiationStrategy=org.springframework.web.accept.ContentNegotiationManager@3a209918, matchingMediaTypes=[application/atom+xml, application/x-www-form-urlencoded, application/json, application/octet-stream, application/xml, multipart/form-data, text/xml], useEquals=false, ignoredMediaTypes=[*/*]]], MediaTypeRequestMatcher [contentNegotiationStrategy=org.springframework.web.accept.ContentNegotiationManager@3a209918, matchingMediaTypes=[*/*], useEquals=true, ignoredMediaTypes=[]]]
2026-01-13T17:18:38.040+08:00 DEBUG 36152 --- [inventory-management-system] [           main] s.w.a.DelegatingAuthenticationEntryPoint : Match found! Executing org.springframework.security.web.authentication.DelegatingAuthenticationEntryPoint@66b6873f
2026-01-13T17:18:38.040+08:00 DEBUG 36152 --- [inventory-management-system] [           main] s.w.a.DelegatingAuthenticationEntryPoint : Trying to match using RequestHeaderRequestMatcher [expectedHeaderName=X-Requested-With, expectedHeaderValue=XMLHttpRequest]
2026-01-13T17:18:38.041+08:00 DEBUG 36152 --- [inventory-management-system] [           main] s.w.a.DelegatingAuthenticationEntryPoint : No match found. Using default entry point org.springframework.security.web.authentication.www.BasicAuthenticationEntryPoint@2419fe6f
]]></system-out>
  </testcase>
  <testcase name="shouldReturnCategoryById" classname="com.inventory.controller.CategoryControllerTest" time="0.007">
    <system-out><![CDATA[2026-01-13T17:18:38.047+08:00 DEBUG 36152 --- [inventory-management-system] [           main] w.c.HttpSessionSecurityContextRepository : Created HttpSession as SecurityContext is non-default
2026-01-13T17:18:38.047+08:00 DEBUG 36152 --- [inventory-management-system] [           main] w.c.HttpSessionSecurityContextRepository : Stored SecurityContextImpl [Authentication=UsernamePasswordAuthenticationToken [Principal=org.springframework.security.core.userdetails.User [Username=user, Password=[PROTECTED], Enabled=true, AccountNonExpired=true, CredentialsNonExpired=true, AccountNonLocked=true, Granted Authorities=[ROLE_USER]], Credentials=[PROTECTED], Authenticated=true, Details=null, Granted Authorities=[ROLE_USER]]] to HttpSession [org.springframework.mock.web.MockHttpSession@653e7b]
2026-01-13T17:18:38.047+08:00 DEBUG 36152 --- [inventory-management-system] [           main] o.s.security.web.FilterChainProxy        : Securing GET /api/categories/1
2026-01-13T17:18:38.048+08:00 DEBUG 36152 --- [inventory-management-system] [           main] w.c.HttpSessionSecurityContextRepository : Retrieved SecurityContextImpl [Authentication=UsernamePasswordAuthenticationToken [Principal=org.springframework.security.core.userdetails.User [Username=user, Password=[PROTECTED], Enabled=true, AccountNonExpired=true, CredentialsNonExpired=true, AccountNonLocked=true, Granted Authorities=[ROLE_USER]], Credentials=[PROTECTED], Authenticated=true, Details=null, Granted Authorities=[ROLE_USER]]]
2026-01-13T17:18:38.048+08:00 DEBUG 36152 --- [inventory-management-system] [           main] o.s.security.web.FilterChainProxy        : Secured GET /api/categories/1
]]></system-out>
  </testcase>
  <testcase name="shouldDeleteCategoryWithAdminRole" classname="com.inventory.controller.CategoryControllerTest" time="0.038">
    <system-out><![CDATA[2026-01-13T17:18:38.057+08:00 DEBUG 36152 --- [inventory-management-system] [           main] w.c.HttpSessionSecurityContextRepository : Created HttpSession as SecurityContext is non-default
2026-01-13T17:18:38.057+08:00 DEBUG 36152 --- [inventory-management-system] [           main] w.c.HttpSessionSecurityContextRepository : Stored SecurityContextImpl [Authentication=UsernamePasswordAuthenticationToken [Principal=org.springframework.security.core.userdetails.User [Username=user, Password=[PROTECTED], Enabled=true, AccountNonExpired=true, CredentialsNonExpired=true, AccountNonLocked=true, Granted Authorities=[ROLE_ADMIN]], Credentials=[PROTECTED], Authenticated=true, Details=null, Granted Authorities=[ROLE_ADMIN]]] to HttpSession [org.springframework.mock.web.MockHttpSession@ca10069]
2026-01-13T17:18:38.059+08:00 DEBUG 36152 --- [inventory-management-system] [           main] o.s.security.web.FilterChainProxy        : Securing DELETE /api/categories/1
2026-01-13T17:18:38.060+08:00 DEBUG 36152 --- [inventory-management-system] [           main] w.c.HttpSessionSecurityContextRepository : Retrieved SecurityContextImpl [Authentication=UsernamePasswordAuthenticationToken [Principal=org.springframework.security.core.userdetails.User [Username=user, Password=[PROTECTED], Enabled=true, AccountNonExpired=true, CredentialsNonExpired=true, AccountNonLocked=true, Granted Authorities=[ROLE_ADMIN]], Credentials=[PROTECTED], Authenticated=true, Details=null, Granted Authorities=[ROLE_ADMIN]]]
2026-01-13T17:18:38.060+08:00 DEBUG 36152 --- [inventory-management-system] [           main] o.s.security.web.FilterChainProxy        : Secured DELETE /api/categories/1
2026-01-13T17:18:38.063+08:00 DEBUG 36152 --- [inventory-management-system] [           main] horizationManagerBeforeMethodInterceptor : Authorizing method invocation ReflectiveMethodInvocation: public org.springframework.http.ResponseEntity com.inventory.controller.CategoryController.deleteCategory(java.lang.Long); target is of class [com.inventory.controller.CategoryController]
2026-01-13T17:18:38.084+08:00 DEBUG 36152 --- [inventory-management-system] [           main] horizationManagerBeforeMethodInterceptor : Authorized method invocation ReflectiveMethodInvocation: public org.springframework.http.ResponseEntity com.inventory.controller.CategoryController.deleteCategory(java.lang.Long); target is of class [com.inventory.controller.CategoryController]
]]></system-out>
  </testcase>
  <testcase name="shouldCreateCategorySuccessfully" classname="com.inventory.controller.CategoryControllerTest" time="0.063">
    <system-out><![CDATA[2026-01-13T17:18:38.101+08:00 DEBUG 36152 --- [inventory-management-system] [           main] w.c.HttpSessionSecurityContextRepository : Created HttpSession as SecurityContext is non-default
2026-01-13T17:18:38.101+08:00 DEBUG 36152 --- [inventory-management-system] [           main] w.c.HttpSessionSecurityContextRepository : Stored SecurityContextImpl [Authentication=UsernamePasswordAuthenticationToken [Principal=org.springframework.security.core.userdetails.User [Username=user, Password=[PROTECTED], Enabled=true, AccountNonExpired=true, CredentialsNonExpired=true, AccountNonLocked=true, Granted Authorities=[ROLE_USER]], Credentials=[PROTECTED], Authenticated=true, Details=null, Granted Authorities=[ROLE_USER]]] to HttpSession [org.springframework.mock.web.MockHttpSession@1d5048d1]
2026-01-13T17:18:38.102+08:00 DEBUG 36152 --- [inventory-management-system] [           main] o.s.security.web.FilterChainProxy        : Securing POST /api/categories
2026-01-13T17:18:38.102+08:00 DEBUG 36152 --- [inventory-management-system] [           main] w.c.HttpSessionSecurityContextRepository : Retrieved SecurityContextImpl [Authentication=UsernamePasswordAuthenticationToken [Principal=org.springframework.security.core.userdetails.User [Username=user, Password=[PROTECTED], Enabled=true, AccountNonExpired=true, CredentialsNonExpired=true, AccountNonLocked=true, Granted Authorities=[ROLE_USER]], Credentials=[PROTECTED], Authenticated=true, Details=null, Granted Authorities=[ROLE_USER]]]
2026-01-13T17:18:38.102+08:00 DEBUG 36152 --- [inventory-management-system] [           main] o.s.security.web.FilterChainProxy        : Secured POST /api/categories
2026-01-13T17:18:38.153+08:00 DEBUG 36152 --- [inventory-management-system] [           main] horizationManagerBeforeMethodInterceptor : Authorizing method invocation ReflectiveMethodInvocation: public org.springframework.http.ResponseEntity com.inventory.controller.CategoryController.createCategory(com.inventory.dto.CategoryCreateDTO); target is of class [com.inventory.controller.CategoryController]
2026-01-13T17:18:38.155+08:00 DEBUG 36152 --- [inventory-management-system] [           main] horizationManagerBeforeMethodInterceptor : Authorized method invocation ReflectiveMethodInvocation: public org.springframework.http.ResponseEntity com.inventory.controller.CategoryController.createCategory(com.inventory.dto.CategoryCreateDTO); target is of class [com.inventory.controller.CategoryController]
]]></system-out>
  </testcase>
  <testcase name="shouldDenyDeleteForUserRole" classname="com.inventory.controller.CategoryControllerTest" time="0.01">
    <system-out><![CDATA[2026-01-13T17:18:38.159+08:00 DEBUG 36152 --- [inventory-management-system] [           main] w.c.HttpSessionSecurityContextRepository : Created HttpSession as SecurityContext is non-default
2026-01-13T17:18:38.159+08:00 DEBUG 36152 --- [inventory-management-system] [           main] w.c.HttpSessionSecurityContextRepository : Stored SecurityContextImpl [Authentication=UsernamePasswordAuthenticationToken [Principal=org.springframework.security.core.userdetails.User [Username=user, Password=[PROTECTED], Enabled=true, AccountNonExpired=true, CredentialsNonExpired=true, AccountNonLocked=true, Granted Authorities=[ROLE_USER]], Credentials=[PROTECTED], Authenticated=true, Details=null, Granted Authorities=[ROLE_USER]]] to HttpSession [org.springframework.mock.web.MockHttpSession@32069394]
2026-01-13T17:18:38.160+08:00 DEBUG 36152 --- [inventory-management-system] [           main] o.s.security.web.FilterChainProxy        : Securing DELETE /api/categories/1
2026-01-13T17:18:38.160+08:00 DEBUG 36152 --- [inventory-management-system] [           main] w.c.HttpSessionSecurityContextRepository : Retrieved SecurityContextImpl [Authentication=UsernamePasswordAuthenticationToken [Principal=org.springframework.security.core.userdetails.User [Username=user, Password=[PROTECTED], Enabled=true, AccountNonExpired=true, CredentialsNonExpired=true, AccountNonLocked=true, Granted Authorities=[ROLE_USER]], Credentials=[PROTECTED], Authenticated=true, Details=null, Granted Authorities=[ROLE_USER]]]
2026-01-13T17:18:38.160+08:00 DEBUG 36152 --- [inventory-management-system] [           main] o.s.security.web.FilterChainProxy        : Secured DELETE /api/categories/1
2026-01-13T17:18:38.161+08:00 DEBUG 36152 --- [inventory-management-system] [           main] horizationManagerBeforeMethodInterceptor : Authorizing method invocation ReflectiveMethodInvocation: public org.springframework.http.ResponseEntity com.inventory.controller.CategoryController.deleteCategory(java.lang.Long); target is of class [com.inventory.controller.CategoryController]
2026-01-13T17:18:38.162+08:00 DEBUG 36152 --- [inventory-management-system] [           main] horizationManagerBeforeMethodInterceptor : Failed to authorize ReflectiveMethodInvocation: public org.springframework.http.ResponseEntity com.inventory.controller.CategoryController.deleteCategory(java.lang.Long); target is of class [com.inventory.controller.CategoryController] with authorization manager org.springframework.security.config.annotation.method.configuration.DeferringObservationAuthorizationManager@5dba3fdc and decision ExpressionAuthorizationDecision [granted=false, expressionAttribute=hasRole('ADMIN')]
]]></system-out>
  </testcase>
</testsuite>